--------------- Build Started: 11/11/2017 01:40:03 Project: QAM, Configuration: ARM GCC 5.4-2016-q2-update Debug ---------------
The code generation step is up to date.
arm-none-eabi-gcc.exe -mcpu=cortex-m3 -mthumb -I. -IGenerated_Source\PSoC5 -Wa,-alh=.\CortexM3\ARM_GCC_541\Debug/main.lst -g -D DEBUG -D CY_CORE_ID=0 -Wall -ffunction-sections -ffat-lto-objects -Og -c main.c -o .\CortexM3\ARM_GCC_541\Debug\main.o
In file included from Generated_Source\PSoC5/project.h:31:0,
                 from main.c:4:
Generated_Source\PSoC5/CLOCK.h:466:0: warning: "CLOCK_CONTROL" redefined
     #define CLOCK_CONTROL               (*(reg8 *)   CLOCK_PWMUDB_genblk1_ctrlreg__CONTROL_REG)
 ^
In file included from Generated_Source\PSoC5/CLOCK.h:23:0,
                 from Generated_Source\PSoC5/project.h:31,
                 from main.c:4:
Generated_Source\PSoC5/CyLib.h:1287:0: note: this is the location of the previous definition
 #define CLOCK_CONTROL                  ( (reg8 *) CYREG_CLKDIST_CR)
 ^
arm-none-eabi-ar.exe -rs .\CortexM3\ARM_GCC_541\Debug\QAM.a .\CortexM3\ARM_GCC_541\Debug\X.o .\CortexM3\ARM_GCC_541\Debug\X_PM.o .\CortexM3\ARM_GCC_541\Debug\Y.o .\CortexM3\ARM_GCC_541\Debug\Y_PM.o .\CortexM3\ARM_GCC_541\Debug\Pin_x.o .\CortexM3\ARM_GCC_541\Debug\Pin_y.o .\CortexM3\ARM_GCC_541\Debug\isr_clk.o .\CortexM3\ARM_GCC_541\Debug\Pin_in_clk.o .\CortexM3\ARM_GCC_541\Debug\Clock_1.o .\CortexM3\ARM_GCC_541\Debug\Pin_out_clk1.o .\CortexM3\ARM_GCC_541\Debug\Pin_out_clk2.o .\CortexM3\ARM_GCC_541\Debug\CyDmac.o .\CortexM3\ARM_GCC_541\Debug\CyFlash.o .\CortexM3\ARM_GCC_541\Debug\CyLib.o .\CortexM3\ARM_GCC_541\Debug\cyPm.o .\CortexM3\ARM_GCC_541\Debug\CySpc.o .\CortexM3\ARM_GCC_541\Debug\cyutils.o .\CortexM3\ARM_GCC_541\Debug\CLOCK.o .\CortexM3\ARM_GCC_541\Debug\CLOCK_PM.o .\CortexM3\ARM_GCC_541\Debug\data_out.o .\CortexM3\ARM_GCC_541\Debug\isr_bluetooth.o .\CortexM3\ARM_GCC_541\Debug\UART.o .\CortexM3\ARM_GCC_541\Debug\UART_PM.o .\CortexM3\ARM_GCC_541\Debug\UART_INT.o .\CortexM3\ARM_GCC_541\Debug\UART_BOOT.o .\CortexM3\ARM_GCC_541\Debug\UART_IntClock.o .\CortexM3\ARM_GCC_541\Debug\signX.o .\CortexM3\ARM_GCC_541\Debug\signY.o .\CortexM3\ARM_GCC_541\Debug\CyBootAsmGnu.o
arm-none-eabi-ar.exe: creating .\CortexM3\ARM_GCC_541\Debug\QAM.a
arm-none-eabi-gcc.exe -Wl,--start-group -o "C:\Users\julians\Documents\PSoC Creator\NQAM\QAM.cydsn\CortexM3\ARM_GCC_541\Debug\QAM.elf" .\CortexM3\ARM_GCC_541\Debug\main.o .\CortexM3\ARM_GCC_541\Debug\cyfitter_cfg.o .\CortexM3\ARM_GCC_541\Debug\cymetadata.o .\CortexM3\ARM_GCC_541\Debug\Cm3Start.o .\CortexM3\ARM_GCC_541\Debug\QAM.a "C:\Program Files (x86)\Cypress\PSoC Creator\4.1\PSoC Creator\psoc\content\cycomponentlibrary\CyComponentLibrary.cylib\CortexM3\ARM_GCC_541\Debug\CyComponentLibrary.a" -mcpu=cortex-m3 -mthumb -L Generated_Source\PSoC5 -Wl,-Map,.\CortexM3\ARM_GCC_541\Debug/QAM.map -T Generated_Source\PSoC5\cm3gcc.ld -specs=nano.specs -Wl,--gc-sections -g -ffunction-sections -Og -ffat-lto-objects -Wl,--end-group
cyelftool.exe -C "C:\Users\julians\Documents\PSoC Creator\NQAM\QAM.cydsn\CortexM3\ARM_GCC_541\Debug\QAM.elf" --flash_row_size 256 --flash_size 262144 --flash_offset 0x00000000
cyelftool.exe -S "C:\Users\julians\Documents\PSoC Creator\NQAM\QAM.cydsn\CortexM3\ARM_GCC_541\Debug\QAM.elf"
Flash used: 4510 of 262144 bytes (1,7 %).
SRAM used: 2537 of 65536 bytes (3,9 %). Stack: 2048 bytes. Heap: 128 bytes.
--------------- Build Succeeded: 11/11/2017 01:40:04 ---------------
