ARM GAS  C:\Users\julians\AppData\Local\Temp\ccA1anC9.s 			page 1


   1              		.syntax unified
   2              		.cpu cortex-m3
   3              		.fpu softvfp
   4              		.eabi_attribute 20, 1
   5              		.eabi_attribute 21, 1
   6              		.eabi_attribute 23, 3
   7              		.eabi_attribute 24, 1
   8              		.eabi_attribute 25, 1
   9              		.eabi_attribute 26, 1
  10              		.eabi_attribute 30, 1
  11              		.eabi_attribute 34, 1
  12              		.eabi_attribute 18, 4
  13              		.thumb
  14              		.syntax unified
  15              		.file	"cymetadata.c"
  16              		.text
  17              	.Ltext0:
  18              		.cfi_sections	.debug_frame
  19              		.global	cy_metadata
  20              		.global	cy_meta_flashprotect
  21              		.global	cy_meta_wonvl
  22              		.global	cy_meta_custnvl
  23              		.global	cy_meta_configecc
  24              		.section	.cyconfigecc,"a",%progbits
  25              		.align	2
  26              		.type	cy_meta_configecc, %object
  27              		.size	cy_meta_configecc, 1064
  28              	cy_meta_configecc:
  29 0000 01       		.byte	1
  30 0001 45       		.byte	69
  31 0002 00       		.byte	0
  32 0003 40       		.byte	64
  33 0004 03       		.byte	3
  34 0005 52       		.byte	82
  35 0006 00       		.byte	0
  36 0007 40       		.byte	64
  37 0008 01       		.byte	1
  38 0009 64       		.byte	100
  39 000a 00       		.byte	0
  40 000b 40       		.byte	64
  41 000c 02       		.byte	2
  42 000d 65       		.byte	101
  43 000e 00       		.byte	0
  44 000f 40       		.byte	64
  45 0010 06       		.byte	6
  46 0011 06       		.byte	6
  47 0012 01       		.byte	1
  48 0013 40       		.byte	64
  49 0014 30       		.byte	48
  50 0015 07       		.byte	7
  51 0016 01       		.byte	1
  52 0017 40       		.byte	64
  53 0018 65       		.byte	101
  54 0019 14       		.byte	20
  55 001a 01       		.byte	1
  56 001b 40       		.byte	64
  57 001c 41       		.byte	65
ARM GAS  C:\Users\julians\AppData\Local\Temp\ccA1anC9.s 			page 2


  58 001d 15       		.byte	21
  59 001e 01       		.byte	1
  60 001f 40       		.byte	64
  61 0020 4A       		.byte	74
  62 0021 16       		.byte	22
  63 0022 01       		.byte	1
  64 0023 40       		.byte	64
  65 0024 43       		.byte	67
  66 0025 17       		.byte	23
  67 0026 01       		.byte	1
  68 0027 40       		.byte	64
  69 0028 03       		.byte	3
  70 0029 40       		.byte	64
  71 002a 01       		.byte	1
  72 002b 40       		.byte	64
  73 002c 02       		.byte	2
  74 002d 41       		.byte	65
  75 002e 01       		.byte	1
  76 002f 40       		.byte	64
  77 0030 04       		.byte	4
  78 0031 42       		.byte	66
  79 0032 01       		.byte	1
  80 0033 40       		.byte	64
  81 0034 04       		.byte	4
  82 0035 43       		.byte	67
  83 0036 01       		.byte	1
  84 0037 40       		.byte	64
  85 0038 07       		.byte	7
  86 0039 48       		.byte	72
  87 003a 01       		.byte	1
  88 003b 40       		.byte	64
  89 003c 08       		.byte	8
  90 003d 49       		.byte	73
  91 003e 01       		.byte	1
  92 003f 40       		.byte	64
  93 0040 08       		.byte	8
  94 0041 50       		.byte	80
  95 0042 01       		.byte	1
  96 0043 40       		.byte	64
  97 0044 01       		.byte	1
  98 0045 51       		.byte	81
  99 0046 01       		.byte	1
 100 0047 40       		.byte	64
 101 0048 1A       		.byte	26
 102 0049 01       		.byte	1
 103 004a 19       		.byte	25
 104 004b 02       		.byte	2
 105 004c 61       		.byte	97
 106 004d 04       		.byte	4
 107 004e 7C       		.byte	124
 108 004f 01       		.byte	1
 109 0050 86       		.byte	-122
 110 0051 72       		.byte	114
 111 0052 84       		.byte	-124
 112 0053 0F       		.byte	15
 113 0054 87       		.byte	-121
 114 0055 38       		.byte	56
ARM GAS  C:\Users\julians\AppData\Local\Temp\ccA1anC9.s 			page 3


 115 0056 A2       		.byte	-94
 116 0057 01       		.byte	1
 117 0058 A6       		.byte	-90
 118 0059 01       		.byte	1
 119 005a B0       		.byte	-80
 120 005b 01       		.byte	1
 121 005c BE       		.byte	-66
 122 005d 01       		.byte	1
 123 005e D8       		.byte	-40
 124 005f 04       		.byte	4
 125 0060 DF       		.byte	-33
 126 0061 01       		.byte	1
 127 0062 04       		.byte	4
 128 0063 24       		.byte	36
 129 0064 06       		.byte	6
 130 0065 80       		.byte	-128
 131 0066 07       		.byte	7
 132 0067 10       		.byte	16
 133 0068 0C       		.byte	12
 134 0069 40       		.byte	64
 135 006a 0D       		.byte	13
 136 006b 28       		.byte	40
 137 006c 0E       		.byte	14
 138 006d 42       		.byte	66
 139 006e 10       		.byte	16
 140 006f 80       		.byte	-128
 141 0070 11       		.byte	17
 142 0071 08       		.byte	8
 143 0072 16       		.byte	22
 144 0073 01       		.byte	1
 145 0074 17       		.byte	23
 146 0075 2A       		.byte	42
 147 0076 1B       		.byte	27
 148 0077 01       		.byte	1
 149 0078 1C       		.byte	28
 150 0079 44       		.byte	68
 151 007a 1D       		.byte	29
 152 007b 88       		.byte	-120
 153 007c 1E       		.byte	30
 154 007d 08       		.byte	8
 155 007e 1F       		.byte	31
 156 007f 04       		.byte	4
 157 0080 24       		.byte	36
 158 0081 02       		.byte	2
 159 0082 25       		.byte	37
 160 0083 24       		.byte	36
 161 0084 26       		.byte	38
 162 0085 20       		.byte	32
 163 0086 2E       		.byte	46
 164 0087 80       		.byte	-128
 165 0088 2F       		.byte	47
 166 0089 14       		.byte	20
 167 008a 34       		.byte	52
 168 008b 40       		.byte	64
 169 008c 36       		.byte	54
 170 008d 24       		.byte	36
 171 008e 37       		.byte	55
ARM GAS  C:\Users\julians\AppData\Local\Temp\ccA1anC9.s 			page 4


 172 008f 02       		.byte	2
 173 0090 3C       		.byte	60
 174 0091 80       		.byte	-128
 175 0092 3E       		.byte	62
 176 0093 2A       		.byte	42
 177 0094 45       		.byte	69
 178 0095 85       		.byte	-123
 179 0096 47       		.byte	71
 180 0097 12       		.byte	18
 181 0098 4C       		.byte	76
 182 0099 80       		.byte	-128
 183 009a 4E       		.byte	78
 184 009b 04       		.byte	4
 185 009c 56       		.byte	86
 186 009d 10       		.byte	16
 187 009e 59       		.byte	89
 188 009f 04       		.byte	4
 189 00a0 5A       		.byte	90
 190 00a1 08       		.byte	8
 191 00a2 5C       		.byte	92
 192 00a3 40       		.byte	64
 193 00a4 6D       		.byte	109
 194 00a5 04       		.byte	4
 195 00a6 6E       		.byte	110
 196 00a7 80       		.byte	-128
 197 00a8 6F       		.byte	111
 198 00a9 04       		.byte	4
 199 00aa 76       		.byte	118
 200 00ab 2B       		.byte	43
 201 00ac 77       		.byte	119
 202 00ad 28       		.byte	40
 203 00ae 80       		.byte	-128
 204 00af 01       		.byte	1
 205 00b0 C0       		.byte	-64
 206 00b1 70       		.byte	112
 207 00b2 C2       		.byte	-62
 208 00b3 F0       		.byte	-16
 209 00b4 C4       		.byte	-60
 210 00b5 FC       		.byte	-4
 211 00b6 CA       		.byte	-54
 212 00b7 70       		.byte	112
 213 00b8 CC       		.byte	-52
 214 00b9 F0       		.byte	-16
 215 00ba CE       		.byte	-50
 216 00bb F0       		.byte	-16
 217 00bc D0       		.byte	-48
 218 00bd F0       		.byte	-16
 219 00be D2       		.byte	-46
 220 00bf 20       		.byte	32
 221 00c0 D6       		.byte	-42
 222 00c1 10       		.byte	16
 223 00c2 00       		.byte	0
 224 00c3 03       		.byte	3
 225 00c4 02       		.byte	2
 226 00c5 14       		.byte	20
 227 00c6 04       		.byte	4
 228 00c7 03       		.byte	3
ARM GAS  C:\Users\julians\AppData\Local\Temp\ccA1anC9.s 			page 5


 229 00c8 05       		.byte	5
 230 00c9 0C       		.byte	12
 231 00ca 06       		.byte	6
 232 00cb 0C       		.byte	12
 233 00cc 07       		.byte	7
 234 00cd 33       		.byte	51
 235 00ce 08       		.byte	8
 236 00cf 1A       		.byte	26
 237 00d0 0A       		.byte	10
 238 00d1 04       		.byte	4
 239 00d2 0E       		.byte	14
 240 00d3 18       		.byte	24
 241 00d4 0F       		.byte	15
 242 00d5 0C       		.byte	12
 243 00d6 15       		.byte	21
 244 00d7 40       		.byte	64
 245 00d8 17       		.byte	23
 246 00d9 13       		.byte	19
 247 00da 1B       		.byte	27
 248 00db 10       		.byte	16
 249 00dc 1E       		.byte	30
 250 00dd 08       		.byte	8
 251 00de 1F       		.byte	31
 252 00df 08       		.byte	8
 253 00e0 21       		.byte	33
 254 00e1 31       		.byte	49
 255 00e2 23       		.byte	35
 256 00e3 06       		.byte	6
 257 00e4 25       		.byte	37
 258 00e5 31       		.byte	49
 259 00e6 27       		.byte	39
 260 00e7 0E       		.byte	14
 261 00e8 2A       		.byte	42
 262 00e9 05       		.byte	5
 263 00ea 31       		.byte	49
 264 00eb 60       		.byte	96
 265 00ec 32       		.byte	50
 266 00ed 1C       		.byte	28
 267 00ee 33       		.byte	51
 268 00ef 0F       		.byte	15
 269 00f0 34       		.byte	52
 270 00f1 03       		.byte	3
 271 00f2 37       		.byte	55
 272 00f3 10       		.byte	16
 273 00f4 38       		.byte	56
 274 00f5 20       		.byte	32
 275 00f6 39       		.byte	57
 276 00f7 02       		.byte	2
 277 00f8 3A       		.byte	58
 278 00f9 08       		.byte	8
 279 00fa 3B       		.byte	59
 280 00fb 08       		.byte	8
 281 00fc 3E       		.byte	62
 282 00fd 10       		.byte	16
 283 00fe 3F       		.byte	63
 284 00ff 40       		.byte	64
 285 0100 40       		.byte	64
ARM GAS  C:\Users\julians\AppData\Local\Temp\ccA1anC9.s 			page 6


 286 0101 02       		.byte	2
 287 0102 46       		.byte	70
 288 0103 04       		.byte	4
 289 0104 49       		.byte	73
 290 0105 FF       		.byte	-1
 291 0106 4A       		.byte	74
 292 0107 07       		.byte	7
 293 0108 4B       		.byte	75
 294 0109 FF       		.byte	-1
 295 010a 4C       		.byte	76
 296 010b 40       		.byte	64
 297 010c 4D       		.byte	77
 298 010d 20       		.byte	32
 299 010e 4E       		.byte	78
 300 010f F0       		.byte	-16
 301 0110 4F       		.byte	79
 302 0111 05       		.byte	5
 303 0112 50       		.byte	80
 304 0113 08       		.byte	8
 305 0114 54       		.byte	84
 306 0115 01       		.byte	1
 307 0116 58       		.byte	88
 308 0117 04       		.byte	4
 309 0118 59       		.byte	89
 310 0119 04       		.byte	4
 311 011a 5A       		.byte	90
 312 011b 04       		.byte	4
 313 011c 5B       		.byte	91
 314 011d 04       		.byte	4
 315 011e 5F       		.byte	95
 316 011f 01       		.byte	1
 317 0120 60       		.byte	96
 318 0121 40       		.byte	64
 319 0122 61       		.byte	97
 320 0123 A8       		.byte	-88
 321 0124 62       		.byte	98
 322 0125 40       		.byte	64
 323 0126 63       		.byte	99
 324 0127 20       		.byte	32
 325 0128 82       		.byte	-126
 326 0129 20       		.byte	32
 327 012a 83       		.byte	-125
 328 012b 02       		.byte	2
 329 012c 84       		.byte	-124
 330 012d 0C       		.byte	12
 331 012e 86       		.byte	-122
 332 012f 11       		.byte	17
 333 0130 8C       		.byte	-116
 334 0131 09       		.byte	9
 335 0132 8E       		.byte	-114
 336 0133 10       		.byte	16
 337 0134 92       		.byte	-110
 338 0135 03       		.byte	3
 339 0136 93       		.byte	-109
 340 0137 03       		.byte	3
 341 0138 9C       		.byte	-100
 342 0139 10       		.byte	16
ARM GAS  C:\Users\julians\AppData\Local\Temp\ccA1anC9.s 			page 7


 343 013a A0       		.byte	-96
 344 013b 10       		.byte	16
 345 013c A2       		.byte	-94
 346 013d 0C       		.byte	12
 347 013e A4       		.byte	-92
 348 013f 1C       		.byte	28
 349 0140 A6       		.byte	-90
 350 0141 02       		.byte	2
 351 0142 A8       		.byte	-88
 352 0143 14       		.byte	20
 353 0144 AB       		.byte	-85
 354 0145 01       		.byte	1
 355 0146 AF       		.byte	-81
 356 0147 04       		.byte	4
 357 0148 B0       		.byte	-80
 358 0149 1F       		.byte	31
 359 014a B1       		.byte	-79
 360 014b 01       		.byte	1
 361 014c B4       		.byte	-76
 362 014d 20       		.byte	32
 363 014e B5       		.byte	-75
 364 014f 02       		.byte	2
 365 0150 B7       		.byte	-73
 366 0151 04       		.byte	4
 367 0152 BA       		.byte	-70
 368 0153 08       		.byte	8
 369 0154 C0       		.byte	-64
 370 0155 10       		.byte	16
 371 0156 C1       		.byte	-63
 372 0157 04       		.byte	4
 373 0158 C5       		.byte	-59
 374 0159 50       		.byte	80
 375 015a C7       		.byte	-57
 376 015b 21       		.byte	33
 377 015c C8       		.byte	-56
 378 015d 32       		.byte	50
 379 015e C9       		.byte	-55
 380 015f FF       		.byte	-1
 381 0160 CA       		.byte	-54
 382 0161 FF       		.byte	-1
 383 0162 CB       		.byte	-53
 384 0163 FF       		.byte	-1
 385 0164 CD       		.byte	-51
 386 0165 A0       		.byte	-96
 387 0166 CF       		.byte	-49
 388 0167 04       		.byte	4
 389 0168 D0       		.byte	-48
 390 0169 18       		.byte	24
 391 016a D2       		.byte	-46
 392 016b 80       		.byte	-128
 393 016c D8       		.byte	-40
 394 016d 04       		.byte	4
 395 016e D9       		.byte	-39
 396 016f 04       		.byte	4
 397 0170 DA       		.byte	-38
 398 0171 04       		.byte	4
 399 0172 DB       		.byte	-37
ARM GAS  C:\Users\julians\AppData\Local\Temp\ccA1anC9.s 			page 8


 400 0173 04       		.byte	4
 401 0174 DC       		.byte	-36
 402 0175 10       		.byte	16
 403 0176 DD       		.byte	-35
 404 0177 11       		.byte	17
 405 0178 DF       		.byte	-33
 406 0179 01       		.byte	1
 407 017a E0       		.byte	-32
 408 017b 40       		.byte	64
 409 017c E2       		.byte	-30
 410 017d C0       		.byte	-64
 411 017e E4       		.byte	-28
 412 017f 40       		.byte	64
 413 0180 E5       		.byte	-27
 414 0181 40       		.byte	64
 415 0182 E6       		.byte	-26
 416 0183 C0       		.byte	-64
 417 0184 E8       		.byte	-24
 418 0185 C0       		.byte	-64
 419 0186 EA       		.byte	-22
 420 0187 C0       		.byte	-64
 421 0188 EC       		.byte	-20
 422 0189 C0       		.byte	-64
 423 018a EE       		.byte	-18
 424 018b C0       		.byte	-64
 425 018c 00       		.byte	0
 426 018d 22       		.byte	34
 427 018e 01       		.byte	1
 428 018f 0B       		.byte	11
 429 0190 02       		.byte	2
 430 0191 02       		.byte	2
 431 0192 04       		.byte	4
 432 0193 40       		.byte	64
 433 0194 05       		.byte	5
 434 0195 08       		.byte	8
 435 0196 06       		.byte	6
 436 0197 80       		.byte	-128
 437 0198 09       		.byte	9
 438 0199 80       		.byte	-128
 439 019a 0D       		.byte	13
 440 019b 80       		.byte	-128
 441 019c 0E       		.byte	14
 442 019d 80       		.byte	-128
 443 019e 10       		.byte	16
 444 019f 08       		.byte	8
 445 01a0 15       		.byte	21
 446 01a1 29       		.byte	41
 447 01a2 18       		.byte	24
 448 01a3 14       		.byte	20
 449 01a4 19       		.byte	25
 450 01a5 08       		.byte	8
 451 01a6 1C       		.byte	28
 452 01a7 80       		.byte	-128
 453 01a8 1D       		.byte	29
 454 01a9 04       		.byte	4
 455 01aa 1E       		.byte	30
 456 01ab 80       		.byte	-128
ARM GAS  C:\Users\julians\AppData\Local\Temp\ccA1anC9.s 			page 9


 457 01ac 1F       		.byte	31
 458 01ad 10       		.byte	16
 459 01ae 20       		.byte	32
 460 01af 60       		.byte	96
 461 01b0 21       		.byte	33
 462 01b1 05       		.byte	5
 463 01b2 22       		.byte	34
 464 01b3 42       		.byte	66
 465 01b4 24       		.byte	36
 466 01b5 08       		.byte	8
 467 01b6 25       		.byte	37
 468 01b7 40       		.byte	64
 469 01b8 27       		.byte	39
 470 01b9 42       		.byte	66
 471 01ba 29       		.byte	41
 472 01bb 0A       		.byte	10
 473 01bc 2C       		.byte	44
 474 01bd 02       		.byte	2
 475 01be 2F       		.byte	47
 476 01bf 08       		.byte	8
 477 01c0 30       		.byte	48
 478 01c1 38       		.byte	56
 479 01c2 31       		.byte	49
 480 01c3 80       		.byte	-128
 481 01c4 37       		.byte	55
 482 01c5 02       		.byte	2
 483 01c6 38       		.byte	56
 484 01c7 40       		.byte	64
 485 01c8 39       		.byte	57
 486 01c9 08       		.byte	8
 487 01ca 3F       		.byte	63
 488 01cb 01       		.byte	1
 489 01cc 40       		.byte	64
 490 01cd 04       		.byte	4
 491 01ce 45       		.byte	69
 492 01cf 41       		.byte	65
 493 01d0 4F       		.byte	79
 494 01d1 01       		.byte	1
 495 01d2 50       		.byte	80
 496 01d3 08       		.byte	8
 497 01d4 51       		.byte	81
 498 01d5 80       		.byte	-128
 499 01d6 55       		.byte	85
 500 01d7 01       		.byte	1
 501 01d8 57       		.byte	87
 502 01d9 08       		.byte	8
 503 01da 58       		.byte	88
 504 01db 10       		.byte	16
 505 01dc 5A       		.byte	90
 506 01dd 84       		.byte	-124
 507 01de 5B       		.byte	91
 508 01df 01       		.byte	1
 509 01e0 74       		.byte	116
 510 01e1 02       		.byte	2
 511 01e2 80       		.byte	-128
 512 01e3 04       		.byte	4
 513 01e4 8F       		.byte	-113
ARM GAS  C:\Users\julians\AppData\Local\Temp\ccA1anC9.s 			page 10


 514 01e5 40       		.byte	64
 515 01e6 91       		.byte	-111
 516 01e7 20       		.byte	32
 517 01e8 92       		.byte	-110
 518 01e9 04       		.byte	4
 519 01ea 94       		.byte	-108
 520 01eb 10       		.byte	16
 521 01ec 95       		.byte	-107
 522 01ed 0A       		.byte	10
 523 01ee 97       		.byte	-105
 524 01ef 20       		.byte	32
 525 01f0 9A       		.byte	-102
 526 01f1 80       		.byte	-128
 527 01f2 9B       		.byte	-101
 528 01f3 01       		.byte	1
 529 01f4 9D       		.byte	-99
 530 01f5 0C       		.byte	12
 531 01f6 A0       		.byte	-96
 532 01f7 21       		.byte	33
 533 01f8 A4       		.byte	-92
 534 01f9 48       		.byte	72
 535 01fa AE       		.byte	-82
 536 01fb 80       		.byte	-128
 537 01fc C0       		.byte	-64
 538 01fd BF       		.byte	-65
 539 01fe C2       		.byte	-62
 540 01ff 91       		.byte	-111
 541 0200 C4       		.byte	-60
 542 0201 72       		.byte	114
 543 0202 CA       		.byte	-54
 544 0203 33       		.byte	51
 545 0204 CC       		.byte	-52
 546 0205 8E       		.byte	-114
 547 0206 CE       		.byte	-50
 548 0207 8A       		.byte	-118
 549 0208 D0       		.byte	-48
 550 0209 94       		.byte	-108
 551 020a D6       		.byte	-42
 552 020b 0F       		.byte	15
 553 020c E2       		.byte	-30
 554 020d 10       		.byte	16
 555 020e 00       		.byte	0
 556 020f 0A       		.byte	10
 557 0210 02       		.byte	2
 558 0211 10       		.byte	16
 559 0212 04       		.byte	4
 560 0213 06       		.byte	6
 561 0214 05       		.byte	5
 562 0215 1E       		.byte	30
 563 0216 08       		.byte	8
 564 0217 06       		.byte	6
 565 0218 09       		.byte	9
 566 0219 1E       		.byte	30
 567 021a 0C       		.byte	12
 568 021b 01       		.byte	1
 569 021c 0D       		.byte	13
 570 021d 10       		.byte	16
ARM GAS  C:\Users\julians\AppData\Local\Temp\ccA1anC9.s 			page 11


 571 021e 0F       		.byte	15
 572 021f 04       		.byte	4
 573 0220 10       		.byte	16
 574 0221 14       		.byte	20
 575 0222 11       		.byte	17
 576 0223 01       		.byte	1
 577 0224 12       		.byte	18
 578 0225 08       		.byte	8
 579 0226 15       		.byte	21
 580 0227 01       		.byte	1
 581 0228 16       		.byte	22
 582 0229 06       		.byte	6
 583 022a 19       		.byte	25
 584 022b 04       		.byte	4
 585 022c 1A       		.byte	26
 586 022d 06       		.byte	6
 587 022e 1B       		.byte	27
 588 022f 18       		.byte	24
 589 0230 1D       		.byte	29
 590 0231 02       		.byte	2
 591 0232 1E       		.byte	30
 592 0233 06       		.byte	6
 593 0234 20       		.byte	32
 594 0235 06       		.byte	6
 595 0236 24       		.byte	36
 596 0237 18       		.byte	24
 597 0238 27       		.byte	39
 598 0239 01       		.byte	1
 599 023a 28       		.byte	40
 600 023b 18       		.byte	24
 601 023c 2B       		.byte	43
 602 023d 01       		.byte	1
 603 023e 2D       		.byte	45
 604 023f 08       		.byte	8
 605 0240 2F       		.byte	47
 606 0241 04       		.byte	4
 607 0242 30       		.byte	48
 608 0243 18       		.byte	24
 609 0244 31       		.byte	49
 610 0245 02       		.byte	2
 611 0246 33       		.byte	51
 612 0247 1C       		.byte	28
 613 0248 34       		.byte	52
 614 0249 01       		.byte	1
 615 024a 36       		.byte	54
 616 024b 06       		.byte	6
 617 024c 37       		.byte	55
 618 024d 01       		.byte	1
 619 024e 39       		.byte	57
 620 024f 80       		.byte	-128
 621 0250 3E       		.byte	62
 622 0251 10       		.byte	16
 623 0252 58       		.byte	88
 624 0253 04       		.byte	4
 625 0254 59       		.byte	89
 626 0255 04       		.byte	4
 627 0256 5F       		.byte	95
ARM GAS  C:\Users\julians\AppData\Local\Temp\ccA1anC9.s 			page 12


 628 0257 01       		.byte	1
 629 0258 83       		.byte	-125
 630 0259 08       		.byte	8
 631 025a 85       		.byte	-123
 632 025b 0A       		.byte	10
 633 025c 87       		.byte	-121
 634 025d 04       		.byte	4
 635 025e 8B       		.byte	-117
 636 025f 10       		.byte	16
 637 0260 8D       		.byte	-115
 638 0261 03       		.byte	3
 639 0262 8F       		.byte	-113
 640 0263 0C       		.byte	12
 641 0264 97       		.byte	-105
 642 0265 05       		.byte	5
 643 0266 99       		.byte	-103
 644 0267 03       		.byte	3
 645 0268 9B       		.byte	-101
 646 0269 04       		.byte	4
 647 026a 9F       		.byte	-97
 648 026b 10       		.byte	16
 649 026c A5       		.byte	-91
 650 026d 03       		.byte	3
 651 026e A7       		.byte	-89
 652 026f 04       		.byte	4
 653 0270 B5       		.byte	-75
 654 0271 10       		.byte	16
 655 0272 B7       		.byte	-73
 656 0273 0F       		.byte	15
 657 0274 BB       		.byte	-69
 658 0275 80       		.byte	-128
 659 0276 BF       		.byte	-65
 660 0277 10       		.byte	16
 661 0278 C0       		.byte	-64
 662 0279 56       		.byte	86
 663 027a C1       		.byte	-63
 664 027b 03       		.byte	3
 665 027c C5       		.byte	-59
 666 027d 0C       		.byte	12
 667 027e C6       		.byte	-58
 668 027f B0       		.byte	-80
 669 0280 C7       		.byte	-57
 670 0281 E0       		.byte	-32
 671 0282 C8       		.byte	-56
 672 0283 29       		.byte	41
 673 0284 C9       		.byte	-55
 674 0285 FF       		.byte	-1
 675 0286 CA       		.byte	-54
 676 0287 FF       		.byte	-1
 677 0288 CB       		.byte	-53
 678 0289 FF       		.byte	-1
 679 028a CE       		.byte	-50
 680 028b F0       		.byte	-16
 681 028c CF       		.byte	-49
 682 028d 44       		.byte	68
 683 028e D0       		.byte	-48
 684 028f 0C       		.byte	12
ARM GAS  C:\Users\julians\AppData\Local\Temp\ccA1anC9.s 			page 13


 685 0290 D4       		.byte	-44
 686 0291 18       		.byte	24
 687 0292 D6       		.byte	-42
 688 0293 04       		.byte	4
 689 0294 D9       		.byte	-39
 690 0295 04       		.byte	4
 691 0296 DA       		.byte	-38
 692 0297 04       		.byte	4
 693 0298 DB       		.byte	-37
 694 0299 04       		.byte	4
 695 029a DF       		.byte	-33
 696 029b 01       		.byte	1
 697 029c E6       		.byte	-26
 698 029d C0       		.byte	-64
 699 029e EA       		.byte	-22
 700 029f 40       		.byte	64
 701 02a0 EB       		.byte	-21
 702 02a1 02       		.byte	2
 703 02a2 04       		.byte	4
 704 02a3 24       		.byte	36
 705 02a4 06       		.byte	6
 706 02a5 81       		.byte	-127
 707 02a6 07       		.byte	7
 708 02a7 01       		.byte	1
 709 02a8 0C       		.byte	12
 710 02a9 14       		.byte	20
 711 02aa 0D       		.byte	13
 712 02ab 28       		.byte	40
 713 02ac 0E       		.byte	14
 714 02ad 42       		.byte	66
 715 02ae 14       		.byte	20
 716 02af 40       		.byte	64
 717 02b0 16       		.byte	22
 718 02b1 28       		.byte	40
 719 02b2 17       		.byte	23
 720 02b3 04       		.byte	4
 721 02b4 1E       		.byte	30
 722 02b5 45       		.byte	69
 723 02b6 20       		.byte	32
 724 02b7 02       		.byte	2
 725 02b8 23       		.byte	35
 726 02b9 04       		.byte	4
 727 02ba 24       		.byte	36
 728 02bb 20       		.byte	32
 729 02bc 25       		.byte	37
 730 02bd 01       		.byte	1
 731 02be 26       		.byte	38
 732 02bf 81       		.byte	-127
 733 02c0 27       		.byte	39
 734 02c1 20       		.byte	32
 735 02c2 29       		.byte	41
 736 02c3 08       		.byte	8
 737 02c4 2C       		.byte	44
 738 02c5 14       		.byte	20
 739 02c6 2E       		.byte	46
 740 02c7 80       		.byte	-128
 741 02c8 30       		.byte	48
ARM GAS  C:\Users\julians\AppData\Local\Temp\ccA1anC9.s 			page 14


 742 02c9 28       		.byte	40
 743 02ca 32       		.byte	50
 744 02cb 80       		.byte	-128
 745 02cc 35       		.byte	53
 746 02cd 05       		.byte	5
 747 02ce 36       		.byte	54
 748 02cf 40       		.byte	64
 749 02d0 37       		.byte	55
 750 02d1 20       		.byte	32
 751 02d2 39       		.byte	57
 752 02d3 0A       		.byte	10
 753 02d4 3A       		.byte	58
 754 02d5 10       		.byte	16
 755 02d6 3B       		.byte	59
 756 02d7 80       		.byte	-128
 757 02d8 3D       		.byte	61
 758 02d9 04       		.byte	4
 759 02da 3E       		.byte	62
 760 02db 68       		.byte	104
 761 02dc 40       		.byte	64
 762 02dd 10       		.byte	16
 763 02de 48       		.byte	72
 764 02df 29       		.byte	41
 765 02e0 4B       		.byte	75
 766 02e1 80       		.byte	-128
 767 02e2 51       		.byte	81
 768 02e3 10       		.byte	16
 769 02e4 52       		.byte	82
 770 02e5 01       		.byte	1
 771 02e6 5A       		.byte	90
 772 02e7 01       		.byte	1
 773 02e8 60       		.byte	96
 774 02e9 40       		.byte	64
 775 02ea 63       		.byte	99
 776 02eb 46       		.byte	70
 777 02ec 80       		.byte	-128
 778 02ed 44       		.byte	68
 779 02ee 81       		.byte	-127
 780 02ef 01       		.byte	1
 781 02f0 87       		.byte	-121
 782 02f1 40       		.byte	64
 783 02f2 90       		.byte	-112
 784 02f3 04       		.byte	4
 785 02f4 91       		.byte	-111
 786 02f5 04       		.byte	4
 787 02f6 94       		.byte	-108
 788 02f7 20       		.byte	32
 789 02f8 96       		.byte	-106
 790 02f9 40       		.byte	64
 791 02fa 97       		.byte	-105
 792 02fb 20       		.byte	32
 793 02fc 98       		.byte	-104
 794 02fd 40       		.byte	64
 795 02fe 9A       		.byte	-102
 796 02ff 10       		.byte	16
 797 0300 9B       		.byte	-101
 798 0301 04       		.byte	4
ARM GAS  C:\Users\julians\AppData\Local\Temp\ccA1anC9.s 			page 15


 799 0302 9D       		.byte	-99
 800 0303 04       		.byte	4
 801 0304 9E       		.byte	-98
 802 0305 80       		.byte	-128
 803 0306 A1       		.byte	-95
 804 0307 28       		.byte	40
 805 0308 A2       		.byte	-94
 806 0309 40       		.byte	64
 807 030a A3       		.byte	-93
 808 030b 01       		.byte	1
 809 030c A4       		.byte	-92
 810 030d 40       		.byte	64
 811 030e A5       		.byte	-91
 812 030f 01       		.byte	1
 813 0310 A9       		.byte	-87
 814 0311 04       		.byte	4
 815 0312 AA       		.byte	-86
 816 0313 01       		.byte	1
 817 0314 C0       		.byte	-64
 818 0315 F0       		.byte	-16
 819 0316 C2       		.byte	-62
 820 0317 F0       		.byte	-16
 821 0318 C4       		.byte	-60
 822 0319 70       		.byte	112
 823 031a CA       		.byte	-54
 824 031b 72       		.byte	114
 825 031c CC       		.byte	-52
 826 031d FE       		.byte	-2
 827 031e CE       		.byte	-50
 828 031f 7F       		.byte	127
 829 0320 D0       		.byte	-48
 830 0321 02       		.byte	2
 831 0322 D2       		.byte	-46
 832 0323 0C       		.byte	12
 833 0324 D6       		.byte	-42
 834 0325 01       		.byte	1
 835 0326 D8       		.byte	-40
 836 0327 0D       		.byte	13
 837 0328 33       		.byte	51
 838 0329 80       		.byte	-128
 839 032a 36       		.byte	54
 840 032b 40       		.byte	64
 841 032c CC       		.byte	-52
 842 032d 30       		.byte	48
 843 032e A6       		.byte	-90
 844 032f 40       		.byte	64
 845 0330 A7       		.byte	-89
 846 0331 80       		.byte	-128
 847 0332 52       		.byte	82
 848 0333 80       		.byte	-128
 849 0334 A6       		.byte	-90
 850 0335 40       		.byte	64
 851 0336 A7       		.byte	-89
 852 0337 80       		.byte	-128
 853 0338 D4       		.byte	-44
 854 0339 20       		.byte	32
 855 033a 82       		.byte	-126
ARM GAS  C:\Users\julians\AppData\Local\Temp\ccA1anC9.s 			page 16


 856 033b 80       		.byte	-128
 857 033c A6       		.byte	-90
 858 033d C0       		.byte	-64
 859 033e A7       		.byte	-89
 860 033f 80       		.byte	-128
 861 0340 E6       		.byte	-26
 862 0341 20       		.byte	32
 863 0342 02       		.byte	2
 864 0343 10       		.byte	16
 865 0344 83       		.byte	-125
 866 0345 80       		.byte	-128
 867 0346 86       		.byte	-122
 868 0347 40       		.byte	64
 869 0348 A6       		.byte	-90
 870 0349 40       		.byte	64
 871 034a A7       		.byte	-89
 872 034b 80       		.byte	-128
 873 034c C0       		.byte	-64
 874 034d 10       		.byte	16
 875 034e E6       		.byte	-26
 876 034f 60       		.byte	96
 877 0350 50       		.byte	80
 878 0351 04       		.byte	4
 879 0352 5B       		.byte	91
 880 0353 40       		.byte	64
 881 0354 83       		.byte	-125
 882 0355 40       		.byte	64
 883 0356 8C       		.byte	-116
 884 0357 04       		.byte	4
 885 0358 AE       		.byte	-82
 886 0359 10       		.byte	16
 887 035a D4       		.byte	-44
 888 035b A0       		.byte	-96
 889 035c E6       		.byte	-26
 890 035d 80       		.byte	-128
 891 035e E8       		.byte	-24
 892 035f 40       		.byte	64
 893 0360 00       		.byte	0
 894 0361 01       		.byte	1
 895 0362 01       		.byte	1
 896 0363 01       		.byte	1
 897 0364 0A       		.byte	10
 898 0365 01       		.byte	1
 899 0366 0B       		.byte	11
 900 0367 01       		.byte	1
 901 0368 10       		.byte	16
 902 0369 03       		.byte	3
 903 036a 11       		.byte	17
 904 036b 01       		.byte	1
 905 036c 1A       		.byte	26
 906 036d 03       		.byte	3
 907 036e 1B       		.byte	27
 908 036f 01       		.byte	1
 909 0370 00       		.byte	0
 910 0371 0F       		.byte	15
 911 0372 00       		.byte	0
 912 0373 00       		.byte	0
ARM GAS  C:\Users\julians\AppData\Local\Temp\ccA1anC9.s 			page 17


 913 0374 01       		.byte	1
 914 0375 10       		.byte	16
 915 0376 80       		.byte	-128
 916 0377 00       		.byte	0
 917 0378 33       		.byte	51
 918 0379 08       		.byte	8
 919 037a 0C       		.byte	12
 920 037b 00       		.byte	0
 921 037c 03       		.byte	3
 922 037d 18       		.byte	24
 923 037e 40       		.byte	64
 924 037f 00       		.byte	0
 925 0380 00       		.byte	0
 926 0381 40       		.byte	64
 927 0382 00       		.byte	0
 928 0383 00       		.byte	0
 929 0384 02       		.byte	2
 930 0385 00       		.byte	0
 931 0386 80       		.byte	-128
 932 0387 23       		.byte	35
 933 0388 1F       		.byte	31
 934 0389 27       		.byte	39
 935 038a 20       		.byte	32
 936 038b 18       		.byte	24
 937 038c 1C       		.byte	28
 938 038d 3C       		.byte	60
 939 038e 23       		.byte	35
 940 038f 02       		.byte	2
 941 0390 3F       		.byte	63
 942 0391 3F       		.byte	63
 943 0392 00       		.byte	0
 944 0393 00       		.byte	0
 945 0394 00       		.byte	0
 946 0395 00       		.byte	0
 947 0396 23       		.byte	35
 948 0397 00       		.byte	0
 949 0398 04       		.byte	4
 950 0399 00       		.byte	0
 951 039a 00       		.byte	0
 952 039b 04       		.byte	4
 953 039c 0C       		.byte	12
 954 039d 1C       		.byte	28
 955 039e 00       		.byte	0
 956 039f 21       		.byte	33
 957 03a0 08       		.byte	8
 958 03a1 04       		.byte	4
 959 03a2 00       		.byte	0
 960 03a3 00       		.byte	0
 961 03a4 10       		.byte	16
 962 03a5 00       		.byte	0
 963 03a6 2C       		.byte	44
 964 03a7 38       		.byte	56
 965 03a8 0F       		.byte	15
 966 03a9 1F       		.byte	31
 967 03aa C0       		.byte	-64
 968 03ab 40       		.byte	64
 969 03ac 00       		.byte	0
ARM GAS  C:\Users\julians\AppData\Local\Temp\ccA1anC9.s 			page 18


 970 03ad 00       		.byte	0
 971 03ae 28       		.byte	40
 972 03af 20       		.byte	32
 973 03b0 00       		.byte	0
 974 03b1 00       		.byte	0
 975 03b2 41       		.byte	65
 976 03b3 40       		.byte	64
 977 03b4 24       		.byte	36
 978 03b5 06       		.byte	6
 979 03b6 03       		.byte	3
 980 03b7 00       		.byte	0
 981 03b8 01       		.byte	1
 982 03b9 C0       		.byte	-64
 983 03ba E0       		.byte	-32
 984 03bb 00       		.byte	0
 985 03bc 0A       		.byte	10
 986 03bd FF       		.byte	-1
 987 03be FF       		.byte	-1
 988 03bf FF       		.byte	-1
 989 03c0 62       		.byte	98
 990 03c1 A0       		.byte	-96
 991 03c2 F0       		.byte	-16
 992 03c3 41       		.byte	65
 993 03c4 0C       		.byte	12
 994 03c5 00       		.byte	0
 995 03c6 00       		.byte	0
 996 03c7 00       		.byte	0
 997 03c8 00       		.byte	0
 998 03c9 00       		.byte	0
 999 03ca 02       		.byte	2
 1000 03cb 10       		.byte	16
 1001 03cc 04       		.byte	4
 1002 03cd 04       		.byte	4
 1003 03ce 04       		.byte	4
 1004 03cf 04       		.byte	4
 1005 03d0 00       		.byte	0
 1006 03d1 00       		.byte	0
 1007 03d2 00       		.byte	0
 1008 03d3 01       		.byte	1
 1009 03d4 00       		.byte	0
 1010 03d5 00       		.byte	0
 1011 03d6 00       		.byte	0
 1012 03d7 00       		.byte	0
 1013 03d8 00       		.byte	0
 1014 03d9 00       		.byte	0
 1015 03da 40       		.byte	64
 1016 03db 02       		.byte	2
 1017 03dc 00       		.byte	0
 1018 03dd 10       		.byte	16
 1019 03de 30       		.byte	48
 1020 03df 10       		.byte	16
 1021 03e0 00       		.byte	0
 1022 03e1 10       		.byte	16
 1023 03e2 10       		.byte	16
 1024 03e3 12       		.byte	18
 1025 03e4 00       		.byte	0
 1026 03e5 00       		.byte	0
ARM GAS  C:\Users\julians\AppData\Local\Temp\ccA1anC9.s 			page 19


 1027 03e6 00       		.byte	0
 1028 03e7 00       		.byte	0
 1029 03e8 00       		.byte	0
 1030 03e9 00       		.byte	0
 1031 03ea 00       		.byte	0
 1032 03eb 00       		.byte	0
 1033 03ec 00       		.byte	0
 1034 03ed 00       		.byte	0
 1035 03ee 00       		.byte	0
 1036 03ef 00       		.byte	0
 1037 03f0 00       		.byte	0
 1038 03f1 00       		.byte	0
 1039 03f2 00       		.byte	0
 1040 03f3 00       		.byte	0
 1041 03f4 00       		.byte	0
 1042 03f5 0C       		.byte	12
 1043 03f6 0C       		.byte	12
 1044 03f7 00       		.byte	0
 1045 03f8 00       		.byte	0
 1046 03f9 00       		.byte	0
 1047 03fa 80       		.byte	-128
 1048 03fb 00       		.byte	0
 1049 03fc 04       		.byte	4
 1050 03fd 00       		.byte	0
 1051 03fe 00       		.byte	0
 1052 03ff 04       		.byte	4
 1053 0400 04       		.byte	4
 1054 0401 00       		.byte	0
 1055 0402 04       		.byte	4
 1056 0403 00       		.byte	0
 1057 0404 00       		.byte	0
 1058 0405 00       		.byte	0
 1059 0406 00       		.byte	0
 1060 0407 00       		.byte	0
 1061 0408 01       		.byte	1
 1062 0409 00       		.byte	0
 1063 040a 00       		.byte	0
 1064 040b 00       		.byte	0
 1065 040c 00       		.byte	0
 1066 040d 00       		.byte	0
 1067 040e 00       		.byte	0
 1068 040f 00       		.byte	0
 1069 0410 00       		.byte	0
 1070 0411 0B       		.byte	11
 1071 0412 0B       		.byte	11
 1072 0413 00       		.byte	0
 1073 0414 00       		.byte	0
 1074 0415 00       		.byte	0
 1075 0416 00       		.byte	0
 1076 0417 00       		.byte	0
 1077 0418 00       		.byte	0
 1078 0419 00       		.byte	0
 1079 041a 00       		.byte	0
 1080 041b 00       		.byte	0
 1081 041c 00       		.byte	0
 1082 041d 00       		.byte	0
 1083 041e 01       		.byte	1
ARM GAS  C:\Users\julians\AppData\Local\Temp\ccA1anC9.s 			page 20


 1084 041f 00       		.byte	0
 1085 0420 04       		.byte	4
 1086 0421 23       		.byte	35
 1087 0422 23       		.byte	35
 1088 0423 00       		.byte	0
 1089 0424 03       		.byte	3
 1090 0425 00       		.byte	0
 1091 0426 00       		.byte	0
 1092 0427 00       		.byte	0
 1093              		.section	.cywolatch,"a",%progbits
 1094              		.align	2
 1095              		.type	cy_meta_wonvl, %object
 1096              		.size	cy_meta_wonvl, 4
 1097              	cy_meta_wonvl:
 1098 0000 BC       		.byte	-68
 1099 0001 90       		.byte	-112
 1100 0002 AC       		.byte	-84
 1101 0003 AF       		.byte	-81
 1102              		.section	.cycustnvl,"a",%progbits
 1103              		.align	2
 1104              		.type	cy_meta_custnvl, %object
 1105              		.size	cy_meta_custnvl, 4
 1106              	cy_meta_custnvl:
 1107 0000 00       		.byte	0
 1108 0001 00       		.byte	0
 1109 0002 40       		.byte	64
 1110 0003 05       		.byte	5
 1111              		.section	.cymeta,"a",%progbits
 1112              		.align	2
 1113              		.type	cy_metadata, %object
 1114              		.size	cy_metadata, 12
 1115              	cy_metadata:
 1116 0000 00       		.byte	0
 1117 0001 01       		.byte	1
 1118 0002 2E       		.byte	46
 1119 0003 16       		.byte	22
 1120 0004 10       		.byte	16
 1121 0005 69       		.byte	105
 1122 0006 00       		.byte	0
 1123 0007 01       		.byte	1
 1124 0008 00       		.byte	0
 1125 0009 00       		.byte	0
 1126 000a 00       		.byte	0
 1127 000b 00       		.byte	0
 1128              		.section	.cyflashprotect,"a",%progbits
 1129              		.align	2
 1130              		.type	cy_meta_flashprotect, %object
 1131              		.size	cy_meta_flashprotect, 256
 1132              	cy_meta_flashprotect:
 1133 0000 00000000 		.space	256
 1133      00000000 
 1133      00000000 
 1133      00000000 
 1133      00000000 
 1134              		.text
 1135              	.Letext0:
 1136              		.file 1 "c:\\program files (x86)\\cypress\\psoc creator\\4.1\\psoc creator\\import\\gnu\\arm\\5.4.
ARM GAS  C:\Users\julians\AppData\Local\Temp\ccA1anC9.s 			page 21


 1137              		.file 2 "c:\\program files (x86)\\cypress\\psoc creator\\4.1\\psoc creator\\import\\gnu\\arm\\5.4.
 1138              		.file 3 "Generated_Source\\PSoC5\\cymetadata.c"
 1139              		.section	.debug_info,"",%progbits
 1140              	.Ldebug_info0:
 1141 0000 31010000 		.4byte	0x131
 1142 0004 0400     		.2byte	0x4
 1143 0006 00000000 		.4byte	.Ldebug_abbrev0
 1144 000a 04       		.byte	0x4
 1145 000b 01       		.uleb128 0x1
 1146 000c 5B000000 		.4byte	.LASF17
 1147 0010 0C       		.byte	0xc
 1148 0011 B5010000 		.4byte	.LASF18
 1149 0015 16000000 		.4byte	.LASF19
 1150 0019 00000000 		.4byte	.Ldebug_line0
 1151 001d 02       		.uleb128 0x2
 1152 001e 01       		.byte	0x1
 1153 001f 06       		.byte	0x6
 1154 0020 A9010000 		.4byte	.LASF0
 1155 0024 03       		.uleb128 0x3
 1156 0025 00000000 		.4byte	.LASF9
 1157 0029 01       		.byte	0x1
 1158 002a 1D       		.byte	0x1d
 1159 002b 2F000000 		.4byte	0x2f
 1160 002f 02       		.uleb128 0x2
 1161 0030 01       		.byte	0x1
 1162 0031 08       		.byte	0x8
 1163 0032 4D000000 		.4byte	.LASF1
 1164 0036 02       		.uleb128 0x2
 1165 0037 02       		.byte	0x2
 1166 0038 05       		.byte	0x5
 1167 0039 96010000 		.4byte	.LASF2
 1168 003d 02       		.uleb128 0x2
 1169 003e 02       		.byte	0x2
 1170 003f 07       		.byte	0x7
 1171 0040 FB000000 		.4byte	.LASF3
 1172 0044 02       		.uleb128 0x2
 1173 0045 04       		.byte	0x4
 1174 0046 05       		.byte	0x5
 1175 0047 A0010000 		.4byte	.LASF4
 1176 004b 02       		.uleb128 0x2
 1177 004c 04       		.byte	0x4
 1178 004d 07       		.byte	0x7
 1179 004e E9000000 		.4byte	.LASF5
 1180 0052 02       		.uleb128 0x2
 1181 0053 08       		.byte	0x8
 1182 0054 05       		.byte	0x5
 1183 0055 88010000 		.4byte	.LASF6
 1184 0059 02       		.uleb128 0x2
 1185 005a 08       		.byte	0x8
 1186 005b 07       		.byte	0x7
 1187 005c 3D010000 		.4byte	.LASF7
 1188 0060 04       		.uleb128 0x4
 1189 0061 04       		.byte	0x4
 1190 0062 05       		.byte	0x5
 1191 0063 696E7400 		.ascii	"int\000"
 1192 0067 02       		.uleb128 0x2
 1193 0068 04       		.byte	0x4
ARM GAS  C:\Users\julians\AppData\Local\Temp\ccA1anC9.s 			page 22


 1194 0069 07       		.byte	0x7
 1195 006a 30010000 		.4byte	.LASF8
 1196 006e 03       		.uleb128 0x3
 1197 006f 54010000 		.4byte	.LASF10
 1198 0073 02       		.byte	0x2
 1199 0074 18       		.byte	0x18
 1200 0075 24000000 		.4byte	0x24
 1201 0079 05       		.uleb128 0x5
 1202 007a 91000000 		.4byte	0x91
 1203 007e 8A000000 		.4byte	0x8a
 1204 0082 06       		.uleb128 0x6
 1205 0083 8A000000 		.4byte	0x8a
 1206 0087 2704     		.2byte	0x427
 1207 0089 00       		.byte	0
 1208 008a 02       		.uleb128 0x2
 1209 008b 04       		.byte	0x4
 1210 008c 07       		.byte	0x7
 1211 008d 7F010000 		.4byte	.LASF11
 1212 0091 07       		.uleb128 0x7
 1213 0092 6E000000 		.4byte	0x6e
 1214 0096 08       		.uleb128 0x8
 1215 0097 1E010000 		.4byte	.LASF12
 1216 009b 03       		.byte	0x3
 1217 009c 1F       		.byte	0x1f
 1218 009d A7000000 		.4byte	0xa7
 1219 00a1 05       		.uleb128 0x5
 1220 00a2 03       		.byte	0x3
 1221 00a3 00000000 		.4byte	cy_meta_configecc
 1222 00a7 07       		.uleb128 0x7
 1223 00a8 79000000 		.4byte	0x79
 1224 00ac 05       		.uleb128 0x5
 1225 00ad 91000000 		.4byte	0x91
 1226 00b1 BC000000 		.4byte	0xbc
 1227 00b5 09       		.uleb128 0x9
 1228 00b6 8A000000 		.4byte	0x8a
 1229 00ba 03       		.byte	0x3
 1230 00bb 00       		.byte	0
 1231 00bc 08       		.uleb128 0x8
 1232 00bd 0E010000 		.4byte	.LASF13
 1233 00c1 03       		.byte	0x3
 1234 00c2 B1       		.byte	0xb1
 1235 00c3 CD000000 		.4byte	0xcd
 1236 00c7 05       		.uleb128 0x5
 1237 00c8 03       		.byte	0x3
 1238 00c9 00000000 		.4byte	cy_meta_custnvl
 1239 00cd 07       		.uleb128 0x7
 1240 00ce AC000000 		.4byte	0xac
 1241 00d2 08       		.uleb128 0x8
 1242 00d3 71010000 		.4byte	.LASF14
 1243 00d7 03       		.byte	0x3
 1244 00d8 BF       		.byte	0xbf
 1245 00d9 E3000000 		.4byte	0xe3
 1246 00dd 05       		.uleb128 0x5
 1247 00de 03       		.byte	0x3
 1248 00df 00000000 		.4byte	cy_meta_wonvl
 1249 00e3 07       		.uleb128 0x7
 1250 00e4 AC000000 		.4byte	0xac
ARM GAS  C:\Users\julians\AppData\Local\Temp\ccA1anC9.s 			page 23


 1251 00e8 05       		.uleb128 0x5
 1252 00e9 91000000 		.4byte	0x91
 1253 00ed F8000000 		.4byte	0xf8
 1254 00f1 09       		.uleb128 0x9
 1255 00f2 8A000000 		.4byte	0x8a
 1256 00f6 FF       		.byte	0xff
 1257 00f7 00       		.byte	0
 1258 00f8 08       		.uleb128 0x8
 1259 00f9 5C010000 		.4byte	.LASF15
 1260 00fd 03       		.byte	0x3
 1261 00fe CD       		.byte	0xcd
 1262 00ff 09010000 		.4byte	0x109
 1263 0103 05       		.uleb128 0x5
 1264 0104 03       		.byte	0x3
 1265 0105 00000000 		.4byte	cy_meta_flashprotect
 1266 0109 07       		.uleb128 0x7
 1267 010a E8000000 		.4byte	0xe8
 1268 010e 05       		.uleb128 0x5
 1269 010f 91000000 		.4byte	0x91
 1270 0113 1E010000 		.4byte	0x11e
 1271 0117 09       		.uleb128 0x9
 1272 0118 8A000000 		.4byte	0x8a
 1273 011c 0B       		.byte	0xb
 1274 011d 00       		.byte	0
 1275 011e 08       		.uleb128 0x8
 1276 011f 0A000000 		.4byte	.LASF16
 1277 0123 03       		.byte	0x3
 1278 0124 FA       		.byte	0xfa
 1279 0125 2F010000 		.4byte	0x12f
 1280 0129 05       		.uleb128 0x5
 1281 012a 03       		.byte	0x3
 1282 012b 00000000 		.4byte	cy_metadata
 1283 012f 07       		.uleb128 0x7
 1284 0130 0E010000 		.4byte	0x10e
 1285 0134 00       		.byte	0
 1286              		.section	.debug_abbrev,"",%progbits
 1287              	.Ldebug_abbrev0:
 1288 0000 01       		.uleb128 0x1
 1289 0001 11       		.uleb128 0x11
 1290 0002 01       		.byte	0x1
 1291 0003 25       		.uleb128 0x25
 1292 0004 0E       		.uleb128 0xe
 1293 0005 13       		.uleb128 0x13
 1294 0006 0B       		.uleb128 0xb
 1295 0007 03       		.uleb128 0x3
 1296 0008 0E       		.uleb128 0xe
 1297 0009 1B       		.uleb128 0x1b
 1298 000a 0E       		.uleb128 0xe
 1299 000b 10       		.uleb128 0x10
 1300 000c 17       		.uleb128 0x17
 1301 000d 00       		.byte	0
 1302 000e 00       		.byte	0
 1303 000f 02       		.uleb128 0x2
 1304 0010 24       		.uleb128 0x24
 1305 0011 00       		.byte	0
 1306 0012 0B       		.uleb128 0xb
 1307 0013 0B       		.uleb128 0xb
ARM GAS  C:\Users\julians\AppData\Local\Temp\ccA1anC9.s 			page 24


 1308 0014 3E       		.uleb128 0x3e
 1309 0015 0B       		.uleb128 0xb
 1310 0016 03       		.uleb128 0x3
 1311 0017 0E       		.uleb128 0xe
 1312 0018 00       		.byte	0
 1313 0019 00       		.byte	0
 1314 001a 03       		.uleb128 0x3
 1315 001b 16       		.uleb128 0x16
 1316 001c 00       		.byte	0
 1317 001d 03       		.uleb128 0x3
 1318 001e 0E       		.uleb128 0xe
 1319 001f 3A       		.uleb128 0x3a
 1320 0020 0B       		.uleb128 0xb
 1321 0021 3B       		.uleb128 0x3b
 1322 0022 0B       		.uleb128 0xb
 1323 0023 49       		.uleb128 0x49
 1324 0024 13       		.uleb128 0x13
 1325 0025 00       		.byte	0
 1326 0026 00       		.byte	0
 1327 0027 04       		.uleb128 0x4
 1328 0028 24       		.uleb128 0x24
 1329 0029 00       		.byte	0
 1330 002a 0B       		.uleb128 0xb
 1331 002b 0B       		.uleb128 0xb
 1332 002c 3E       		.uleb128 0x3e
 1333 002d 0B       		.uleb128 0xb
 1334 002e 03       		.uleb128 0x3
 1335 002f 08       		.uleb128 0x8
 1336 0030 00       		.byte	0
 1337 0031 00       		.byte	0
 1338 0032 05       		.uleb128 0x5
 1339 0033 01       		.uleb128 0x1
 1340 0034 01       		.byte	0x1
 1341 0035 49       		.uleb128 0x49
 1342 0036 13       		.uleb128 0x13
 1343 0037 01       		.uleb128 0x1
 1344 0038 13       		.uleb128 0x13
 1345 0039 00       		.byte	0
 1346 003a 00       		.byte	0
 1347 003b 06       		.uleb128 0x6
 1348 003c 21       		.uleb128 0x21
 1349 003d 00       		.byte	0
 1350 003e 49       		.uleb128 0x49
 1351 003f 13       		.uleb128 0x13
 1352 0040 2F       		.uleb128 0x2f
 1353 0041 05       		.uleb128 0x5
 1354 0042 00       		.byte	0
 1355 0043 00       		.byte	0
 1356 0044 07       		.uleb128 0x7
 1357 0045 26       		.uleb128 0x26
 1358 0046 00       		.byte	0
 1359 0047 49       		.uleb128 0x49
 1360 0048 13       		.uleb128 0x13
 1361 0049 00       		.byte	0
 1362 004a 00       		.byte	0
 1363 004b 08       		.uleb128 0x8
 1364 004c 34       		.uleb128 0x34
ARM GAS  C:\Users\julians\AppData\Local\Temp\ccA1anC9.s 			page 25


 1365 004d 00       		.byte	0
 1366 004e 03       		.uleb128 0x3
 1367 004f 0E       		.uleb128 0xe
 1368 0050 3A       		.uleb128 0x3a
 1369 0051 0B       		.uleb128 0xb
 1370 0052 3B       		.uleb128 0x3b
 1371 0053 0B       		.uleb128 0xb
 1372 0054 49       		.uleb128 0x49
 1373 0055 13       		.uleb128 0x13
 1374 0056 3F       		.uleb128 0x3f
 1375 0057 19       		.uleb128 0x19
 1376 0058 02       		.uleb128 0x2
 1377 0059 18       		.uleb128 0x18
 1378 005a 00       		.byte	0
 1379 005b 00       		.byte	0
 1380 005c 09       		.uleb128 0x9
 1381 005d 21       		.uleb128 0x21
 1382 005e 00       		.byte	0
 1383 005f 49       		.uleb128 0x49
 1384 0060 13       		.uleb128 0x13
 1385 0061 2F       		.uleb128 0x2f
 1386 0062 0B       		.uleb128 0xb
 1387 0063 00       		.byte	0
 1388 0064 00       		.byte	0
 1389 0065 00       		.byte	0
 1390              		.section	.debug_aranges,"",%progbits
 1391 0000 14000000 		.4byte	0x14
 1392 0004 0200     		.2byte	0x2
 1393 0006 00000000 		.4byte	.Ldebug_info0
 1394 000a 04       		.byte	0x4
 1395 000b 00       		.byte	0
 1396 000c 0000     		.2byte	0
 1397 000e 0000     		.2byte	0
 1398 0010 00000000 		.4byte	0
 1399 0014 00000000 		.4byte	0
 1400              		.section	.debug_line,"",%progbits
 1401              	.Ldebug_line0:
 1402 0000 3D010000 		.section	.debug_str,"MS",%progbits,1
 1402      02003701 
 1402      00000201 
 1402      FB0E0D00 
 1402      01010101 
 1403              	.LASF9:
 1404 0000 5F5F7569 		.ascii	"__uint8_t\000"
 1404      6E74385F 
 1404      7400
 1405              	.LASF16:
 1406 000a 63795F6D 		.ascii	"cy_metadata\000"
 1406      65746164 
 1406      61746100 
 1407              	.LASF19:
 1408 0016 433A5C55 		.ascii	"C:\\Users\\julians\\Documents\\PSoC Creator\\NQAM\\"
 1408      73657273 
 1408      5C6A756C 
 1408      69616E73 
 1408      5C446F63 
 1409 0043 51414D2E 		.ascii	"QAM.cydsn\000"
ARM GAS  C:\Users\julians\AppData\Local\Temp\ccA1anC9.s 			page 26


 1409      63796473 
 1409      6E00
 1410              	.LASF1:
 1411 004d 756E7369 		.ascii	"unsigned char\000"
 1411      676E6564 
 1411      20636861 
 1411      7200
 1412              	.LASF17:
 1413 005b 474E5520 		.ascii	"GNU C11 5.4.1 20160609 (release) [ARM/embedded-5-br"
 1413      43313120 
 1413      352E342E 
 1413      31203230 
 1413      31363036 
 1414 008e 616E6368 		.ascii	"anch revision 237715] -mcpu=cortex-m3 -mthumb -g -O"
 1414      20726576 
 1414      6973696F 
 1414      6E203233 
 1414      37373135 
 1415 00c1 67202D66 		.ascii	"g -ffunction-sections -ffat-lto-objects\000"
 1415      66756E63 
 1415      74696F6E 
 1415      2D736563 
 1415      74696F6E 
 1416              	.LASF5:
 1417 00e9 6C6F6E67 		.ascii	"long unsigned int\000"
 1417      20756E73 
 1417      69676E65 
 1417      6420696E 
 1417      7400
 1418              	.LASF3:
 1419 00fb 73686F72 		.ascii	"short unsigned int\000"
 1419      7420756E 
 1419      7369676E 
 1419      65642069 
 1419      6E7400
 1420              	.LASF13:
 1421 010e 63795F6D 		.ascii	"cy_meta_custnvl\000"
 1421      6574615F 
 1421      63757374 
 1421      6E766C00 
 1422              	.LASF12:
 1423 011e 63795F6D 		.ascii	"cy_meta_configecc\000"
 1423      6574615F 
 1423      636F6E66 
 1423      69676563 
 1423      6300
 1424              	.LASF8:
 1425 0130 756E7369 		.ascii	"unsigned int\000"
 1425      676E6564 
 1425      20696E74 
 1425      00
 1426              	.LASF7:
 1427 013d 6C6F6E67 		.ascii	"long long unsigned int\000"
 1427      206C6F6E 
 1427      6720756E 
 1427      7369676E 
 1427      65642069 
ARM GAS  C:\Users\julians\AppData\Local\Temp\ccA1anC9.s 			page 27


 1428              	.LASF10:
 1429 0154 75696E74 		.ascii	"uint8_t\000"
 1429      385F7400 
 1430              	.LASF15:
 1431 015c 63795F6D 		.ascii	"cy_meta_flashprotect\000"
 1431      6574615F 
 1431      666C6173 
 1431      6870726F 
 1431      74656374 
 1432              	.LASF14:
 1433 0171 63795F6D 		.ascii	"cy_meta_wonvl\000"
 1433      6574615F 
 1433      776F6E76 
 1433      6C00
 1434              	.LASF11:
 1435 017f 73697A65 		.ascii	"sizetype\000"
 1435      74797065 
 1435      00
 1436              	.LASF6:
 1437 0188 6C6F6E67 		.ascii	"long long int\000"
 1437      206C6F6E 
 1437      6720696E 
 1437      7400
 1438              	.LASF2:
 1439 0196 73686F72 		.ascii	"short int\000"
 1439      7420696E 
 1439      7400
 1440              	.LASF4:
 1441 01a0 6C6F6E67 		.ascii	"long int\000"
 1441      20696E74 
 1441      00
 1442              	.LASF0:
 1443 01a9 7369676E 		.ascii	"signed char\000"
 1443      65642063 
 1443      68617200 
 1444              	.LASF18:
 1445 01b5 47656E65 		.ascii	"Generated_Source\\PSoC5\\cymetadata.c\000"
 1445      72617465 
 1445      645F536F 
 1445      75726365 
 1445      5C50536F 
 1446              		.ident	"GCC: (GNU Tools for ARM Embedded Processors) 5.4.1 20160609 (release) [ARM/embedded-5-bran
